<?xml version="1.0" encoding="UTF-8"?>
<testng-results skipped="0" failed="1" ignored="0" total="4" passed="3">
  <reporter-output>
  </reporter-output>
  <suite name="Default suite" duration-ms="2656" started-at="2022-04-07T19:07:04 IST" finished-at="2022-04-07T19:07:07 IST">
    <groups>
    </groups>
    <test name="Default test" duration-ms="2656" started-at="2022-04-07T19:07:04 IST" finished-at="2022-04-07T19:07:07 IST">
      <class name="AddBookDyanamicJson">
        <test-method status="PASS" signature="addBooks(java.lang.String,java.lang.String)[pri:0, instance:AddBookDyanamicJson@3b088d51]" name="addBooks" duration-ms="2068" started-at="2022-04-07T19:07:04 IST" data-provider="BooksData" finished-at="2022-04-07T19:07:06 IST">
          <params>
            <param index="0">
              <value>
                <![CDATA[okhf]]>
              </value>
            </param>
            <param index="1">
              <value>
                <![CDATA[9008]]>
              </value>
            </param>
          </params>
          <reporter-output>
          </reporter-output>
        </test-method> <!-- addBooks -->
        <test-method status="PASS" signature="addBooks(java.lang.String,java.lang.String)[pri:0, instance:AddBookDyanamicJson@3b088d51]" name="addBooks" duration-ms="252" started-at="2022-04-07T19:07:06 IST" data-provider="BooksData" finished-at="2022-04-07T19:07:06 IST">
          <params>
            <param index="0">
              <value>
                <![CDATA[hyty]]>
              </value>
            </param>
            <param index="1">
              <value>
                <![CDATA[9754]]>
              </value>
            </param>
          </params>
          <reporter-output>
          </reporter-output>
        </test-method> <!-- addBooks -->
        <test-method status="PASS" signature="addBooks(java.lang.String,java.lang.String)[pri:0, instance:AddBookDyanamicJson@3b088d51]" name="addBooks" duration-ms="288" started-at="2022-04-07T19:07:06 IST" data-provider="BooksData" finished-at="2022-04-07T19:07:07 IST">
          <params>
            <param index="0">
              <value>
                <![CDATA[kloi]]>
              </value>
            </param>
            <param index="1">
              <value>
                <![CDATA[2841]]>
              </value>
            </param>
          </params>
          <reporter-output>
          </reporter-output>
        </test-method> <!-- addBooks -->
        <test-method status="FAIL" signature="deleteBooks(java.lang.String,java.lang.String)[pri:0, instance:AddBookDyanamicJson@3b088d51]" name="deleteBooks" duration-ms="0" started-at="2022-04-07T19:07:07 IST" depends-on-methods="AddBookDyanamicJson.addBooks" finished-at="2022-04-07T19:07:07 IST">
          <exception class="org.testng.TestNGException">
            <message>
              <![CDATA[
Cannot inject @Test annotated Method [deleteBooks] with [class java.lang.String, class java.lang.String].
For more information on native dependency injection please refer to https://testng.org/doc/documentation-main.html#native-dependency-injection]]>
            </message>
            <full-stacktrace>
              <![CDATA[org.testng.TestNGException: 
Cannot inject @Test annotated Method [deleteBooks] with [class java.lang.String, class java.lang.String].
For more information on native dependency injection please refer to https://testng.org/doc/documentation-main.html#native-dependency-injection
at org.testng.internal.Parameters.checkParameterTypes(Parameters.java:439)
at org.testng.internal.Parameters.createParametersForMethod(Parameters.java:353)
at org.testng.internal.Parameters.createParameters(Parameters.java:708)
at org.testng.internal.Parameters.handleParameters(Parameters.java:884)
at org.testng.internal.Parameters.handleParameters(Parameters.java:740)
at org.testng.internal.ParameterHandler.handleParameters(ParameterHandler.java:59)
at org.testng.internal.ParameterHandler.createParameters(ParameterHandler.java:38)
at org.testng.internal.TestInvoker$MethodInvocationAgent.invoke(TestInvoker.java:791)
at org.testng.internal.TestInvoker.invokeTestMethods(TestInvoker.java:146)
at org.testng.internal.TestMethodWorker.invokeTestMethods(TestMethodWorker.java:146)
at org.testng.internal.TestMethodWorker.run(TestMethodWorker.java:128)
at java.util.ArrayList.forEach(ArrayList.java:1259)
at org.testng.TestRunner.privateRun(TestRunner.java:794)
at org.testng.TestRunner.run(TestRunner.java:596)
at org.testng.SuiteRunner.runTest(SuiteRunner.java:377)
at org.testng.SuiteRunner.runSequentially(SuiteRunner.java:371)
at org.testng.SuiteRunner.privateRun(SuiteRunner.java:332)
at org.testng.SuiteRunner.run(SuiteRunner.java:276)
at org.testng.SuiteRunnerWorker.runSuite(SuiteRunnerWorker.java:53)
at org.testng.SuiteRunnerWorker.run(SuiteRunnerWorker.java:96)
at org.testng.TestNG.runSuitesSequentially(TestNG.java:1212)
at org.testng.TestNG.runSuitesLocally(TestNG.java:1134)
at org.testng.TestNG.runSuites(TestNG.java:1063)
at org.testng.TestNG.run(TestNG.java:1031)
at org.testng.remote.AbstractRemoteTestNG.run(AbstractRemoteTestNG.java:115)
at org.testng.remote.RemoteTestNG.initAndRun(RemoteTestNG.java:251)
at org.testng.remote.RemoteTestNG.main(RemoteTestNG.java:77)
]]>
            </full-stacktrace>
          </exception> <!-- org.testng.TestNGException -->
          <reporter-output>
          </reporter-output>
        </test-method> <!-- deleteBooks -->
      </class> <!-- AddBookDyanamicJson -->
    </test> <!-- Default test -->
  </suite> <!-- Default suite -->
</testng-results>
